<?xml version="1.0" encoding="UTF-8"?>
<!-- Generated by org.testng.reporters.JUnitXMLReporter -->
<testsuite hostname="我的电脑" failures="0" tests="6" name="test" time="0.023" errors="0" timestamp="23 Nov 2020 02:04:10 GMT">
  <testcase classname="com.webtest.demo.Demo" name="test1" time="0.008"/>
  <testcase classname="com.webtest.demo.Demo" name="test2" time="0.0"/>
  <testcase classname="com.webtest.demo.Demo" name="test3" time="0.0"/>
  <testcase classname="com.webtest.demo.Demo" name="test4" time="0.0"/>
  <testcase classname="com.webtest.demo.Demo" name="test5" time="0.0"/>
  <testcase classname="com.webtest.demo.Demo1" name="testSearch" time="0.0">
    <skipped/>
  </testcase> <!-- testSearch -->
</testsuite> <!-- test -->
