<?xml version="1.0" encoding="UTF-8"?>
<testng-results total="6" passed="5" failed="0" skipped="1">
  <reporter-output>
  </reporter-output>
  <suite started-at="2020-11-23T02:04:09Z" name="All Test Suite" finished-at="2020-11-23T02:04:09Z" duration-ms="23">
    <groups>
    </groups>
    <test started-at="2020-11-23T02:04:09Z" name="test" finished-at="2020-11-23T02:04:09Z" duration-ms="23">
      <class name="com.webtest.demo.Demo1">
        <test-method signature="testSearch(java.lang.String, java.lang.String, java.lang.String)[pri:0, instance:com.webtest.demo.Demo1@5d11346a]" started-at="2020-11-23T10:04:09Z" name="testSearch" data-provider="TestData" finished-at="2020-11-23T10:04:09Z" duration-ms="0" status="SKIP">
          <exception class="org.testng.TestNGException">
            <message>
              <![CDATA[
Method public void com.webtest.demo.Demo1.testSearch(java.lang.String,java.lang.String,java.lang.String) requires a @DataProvider named : TestData]]>
            </message>
            <full-stacktrace>
              <![CDATA[org.testng.TestNGException: 
Method public void com.webtest.demo.Demo1.testSearch(java.lang.String,java.lang.String,java.lang.String) requires a @DataProvider named : TestData
	at org.testng.internal.Parameters.findDataProvider(Parameters.java:263)
	at org.testng.internal.Parameters.handleParameters(Parameters.java:419)
	at org.testng.internal.Invoker.handleParameters(Invoker.java:1270)
	at org.testng.internal.Invoker.createParameters(Invoker.java:985)
	at org.testng.internal.Invoker.invokeTestMethods(Invoker.java:1075)
	at org.testng.internal.TestMethodWorker.invokeTestMethods(TestMethodWorker.java:125)
	at org.testng.internal.TestMethodWorker.run(TestMethodWorker.java:108)
	at org.testng.TestRunner.privateRun(TestRunner.java:774)
	at org.testng.TestRunner.run(TestRunner.java:624)
	at org.testng.SuiteRunner.runTest(SuiteRunner.java:359)
	at org.testng.SuiteRunner.runSequentially(SuiteRunner.java:354)
	at org.testng.SuiteRunner.privateRun(SuiteRunner.java:312)
	at org.testng.SuiteRunner.run(SuiteRunner.java:261)
	at org.testng.SuiteRunnerWorker.runSuite(SuiteRunnerWorker.java:52)
	at org.testng.SuiteRunnerWorker.run(SuiteRunnerWorker.java:86)
	at org.testng.TestNG.runSuitesSequentially(TestNG.java:1215)
	at org.testng.TestNG.runSuitesLocally(TestNG.java:1140)
	at org.testng.TestNG.run(TestNG.java:1048)
	at com.intellij.rt.testng.IDEARemoteTestNG.run(IDEARemoteTestNG.java:66)
	at com.intellij.rt.testng.RemoteTestNGStarter.main(RemoteTestNGStarter.java:110)
]]>
            </full-stacktrace>
          </exception> <!-- org.testng.TestNGException -->
          <reporter-output>
          </reporter-output>
        </test-method> <!-- testSearch -->
      </class> <!-- com.webtest.demo.Demo1 -->
      <class name="com.webtest.demo.Demo">
        <test-method signature="test1()[pri:0, instance:com.webtest.demo.Demo@2fd66ad3]" started-at="2020-11-23T10:04:09Z" name="test1" finished-at="2020-11-23T10:04:09Z" duration-ms="8" status="PASS">
          <reporter-output>
          </reporter-output>
        </test-method> <!-- test1 -->
        <test-method signature="test3()[pri:0, instance:com.webtest.demo.Demo@2fd66ad3]" started-at="2020-11-23T10:04:09Z" name="test3" finished-at="2020-11-23T10:04:09Z" duration-ms="0" status="PASS">
          <reporter-output>
          </reporter-output>
        </test-method> <!-- test3 -->
        <test-method signature="test2()[pri:0, instance:com.webtest.demo.Demo@2fd66ad3]" started-at="2020-11-23T10:04:09Z" name="test2" finished-at="2020-11-23T10:04:09Z" duration-ms="0" status="PASS">
          <reporter-output>
          </reporter-output>
        </test-method> <!-- test2 -->
        <test-method signature="test5()[pri:0, instance:com.webtest.demo.Demo@2fd66ad3]" started-at="2020-11-23T10:04:09Z" name="test5" finished-at="2020-11-23T10:04:09Z" duration-ms="0" status="PASS">
          <reporter-output>
          </reporter-output>
        </test-method> <!-- test5 -->
        <test-method signature="test4()[pri:0, instance:com.webtest.demo.Demo@2fd66ad3]" started-at="2020-11-23T10:04:09Z" name="test4" finished-at="2020-11-23T10:04:09Z" duration-ms="0" status="PASS">
          <reporter-output>
          </reporter-output>
        </test-method> <!-- test4 -->
      </class> <!-- com.webtest.demo.Demo -->
    </test> <!-- test -->
  </suite> <!-- All Test Suite -->
</testng-results>
