<?xml version="1.0" encoding="UTF-8"?>
<testng-results skipped="0" failed="0" ignored="0" total="1" passed="1">
  <reporter-output>
  </reporter-output>
  <suite name="Default suite" duration-ms="47" started-at="2020-12-06T11:39:36 CST" finished-at="2020-12-06T11:39:36 CST">
    <groups>
    </groups>
    <test name="Default test" duration-ms="47" started-at="2020-12-06T11:39:36 CST" finished-at="2020-12-06T11:39:36 CST">
      <class name="com.webtest.demo.demo">
        <test-method status="PASS" signature="demo()[pri:0, instance:com.webtest.demo.demo@292b08d6]" name="demo" duration-ms="9" started-at="2020-12-06T11:39:36 CST" finished-at="2020-12-06T11:39:36 CST">
          <reporter-output>
          </reporter-output>
        </test-method> <!-- demo -->
      </class> <!-- com.webtest.demo.demo -->
    </test> <!-- Default test -->
  </suite> <!-- Default suite -->
</testng-results>
