<?xml version="1.0" encoding="UTF-8"?>
<testng-results skipped="0" failed="0" total="1" passed="1">
  <reporter-output>
  </reporter-output>
  <suite name="All Test Suite" duration-ms="28158" started-at="2020-11-23T00:39:08Z" finished-at="2020-11-23T00:39:36Z">
    <groups>
    </groups>
    <test name="test" duration-ms="28158" started-at="2020-11-23T00:39:08Z" finished-at="2020-11-23T00:39:36Z">
      <class name="com.webtest.demo.BookStoreTest">
        <test-method status="PASS" signature="doBeforeClass()[pri:0, instance:com.webtest.demo.BookStoreTest@4563e9ab]" name="doBeforeClass" is-config="true" duration-ms="4137" started-at="2020-11-23T08:39:08Z" finished-at="2020-11-23T08:39:12Z">
          <reporter-output>
          </reporter-output>
        </test-method> <!-- doBeforeClass -->
        <test-method status="PASS" signature="test1()[pri:0, instance:com.webtest.demo.BookStoreTest@4563e9ab]" name="test1" duration-ms="23369" started-at="2020-11-23T08:39:12Z" finished-at="2020-11-23T08:39:35Z">
          <reporter-output>
          </reporter-output>
        </test-method> <!-- test1 -->
        <test-method status="PASS" signature="doAfterMethod()[pri:0, instance:com.webtest.demo.BookStoreTest@4563e9ab]" name="doAfterMethod" is-config="true" duration-ms="644" started-at="2020-11-23T08:39:35Z" finished-at="2020-11-23T08:39:36Z">
          <reporter-output>
          </reporter-output>
        </test-method> <!-- doAfterMethod -->
      </class> <!-- com.webtest.demo.BookStoreTest -->
    </test> <!-- test -->
  </suite> <!-- All Test Suite -->
</testng-results>
